<?xml version="1.0" encoding="UTF-8" ?>
<testsuite tests="1" failures="0" name="com.javacodegeeks.AppTest" time="0.013" errors="0" skipped="0">
  <properties>
    <property name="java.runtime.name" value="OpenJDK Runtime Environment"/>
    <property name="sun.boot.library.path" value="/data/ems/opt/linux/java-1.8.0-openjdk-1.8.0.91-0.b14.el6_7.x86_64/jre/lib/amd64"/>
    <property name="java.vm.version" value="25.91-b14"/>
    <property name="java.vm.vendor" value="Oracle Corporation"/>
    <property name="maven.multiModuleProjectDirectory" value="/ssde2/suriyans/Downloads/SampleApplication"/>
    <property name="java.vendor.url" value="http://java.oracle.com/"/>
    <property name="path.separator" value=":"/>
    <property name="guice.disable.misplaced.annotation.check" value="true"/>
    <property name="java.vm.name" value="OpenJDK 64-Bit Server VM"/>
    <property name="file.encoding.pkg" value="sun.io"/>
    <property name="user.country" value="US"/>
    <property name="sun.java.launcher" value="SUN_STANDARD"/>
    <property name="sun.os.patch.level" value="unknown"/>
    <property name="java.vm.specification.name" value="Java Virtual Machine Specification"/>
    <property name="user.dir" value="/ssde2/suriyans/Downloads/SampleApplication"/>
    <property name="java.runtime.version" value="1.8.0_91-b14"/>
    <property name="java.awt.graphicsenv" value="sun.awt.X11GraphicsEnvironment"/>
    <property name="java.endorsed.dirs" value="/data/ems/opt/linux/java-1.8.0-openjdk-1.8.0.91-0.b14.el6_7.x86_64/jre/lib/endorsed"/>
    <property name="os.arch" value="amd64"/>
    <property name="java.io.tmpdir" value="/tmp"/>
    <property name="line.separator" value="
"/>
    <property name="java.vm.specification.vendor" value="Oracle Corporation"/>
    <property name="os.name" value="Linux"/>
    <property name="classworlds.conf" value="/data/ems/opt/axs/apache-maven-3.3.9/bin/m2.conf"/>
    <property name="sun.jnu.encoding" value="UTF-8"/>
    <property name="java.library.path" value="/data/ems/opt/linux/java-1.8.0-openjdk-1.8.0.91-0.b14.el6_7.x86_64/jre/lib/amd64/:/data/ems/opt/linux/java-1.8.0-openjdk-1.8.0.91-0.b14.el6_7.x86_64/lib/amd64/jli:/data/ems/opt/linux/tptp/lib::/usr/java/packages/lib/amd64:/usr/lib64:/lib64:/lib:/usr/lib"/>
    <property name="java.specification.name" value="Java Platform API Specification"/>
    <property name="java.class.version" value="52.0"/>
    <property name="sun.management.compiler" value="HotSpot 64-Bit Tiered Compilers"/>
    <property name="os.version" value="2.6.32-431.el6.x86_64"/>
    <property name="user.home" value="/ssde2//suriyans"/>
    <property name="user.timezone" value="Asia/Calcutta"/>
    <property name="java.awt.printerjob" value="sun.print.PSPrinterJob"/>
    <property name="file.encoding" value="UTF-8"/>
    <property name="java.specification.version" value="1.8"/>
    <property name="user.name" value="suriyans"/>
    <property name="java.class.path" value="/data/ems/opt/axs/apache-maven-3.3.9/boot/plexus-classworlds-2.5.2.jar"/>
    <property name="java.vm.specification.version" value="1.8"/>
    <property name="sun.arch.data.model" value="64"/>
    <property name="java.home" value="/data/ems/opt/linux/java-1.8.0-openjdk-1.8.0.91-0.b14.el6_7.x86_64/jre"/>
    <property name="sun.java.command" value="org.codehaus.plexus.classworlds.launcher.Launcher clean install"/>
    <property name="java.specification.vendor" value="Oracle Corporation"/>
    <property name="user.language" value="en"/>
    <property name="awt.toolkit" value="sun.awt.X11.XToolkit"/>
    <property name="java.vm.info" value="mixed mode"/>
    <property name="org.apache.maven.global-settings" value="/data/ems/opt/axs/config/maven-global-settings_tiger.xml"/>
    <property name="java.version" value="1.8.0_91"/>
    <property name="java.ext.dirs" value="/data/ems/opt/linux/java-1.8.0-openjdk-1.8.0.91-0.b14.el6_7.x86_64/jre/lib/ext:/usr/java/packages/lib/ext"/>
    <property name="securerandom.source" value="file:/dev/./urandom"/>
    <property name="sun.boot.class.path" value="/data/ems/opt/linux/java-1.8.0-openjdk-1.8.0.91-0.b14.el6_7.x86_64/jre/lib/resources.jar:/data/ems/opt/linux/java-1.8.0-openjdk-1.8.0.91-0.b14.el6_7.x86_64/jre/lib/rt.jar:/data/ems/opt/linux/java-1.8.0-openjdk-1.8.0.91-0.b14.el6_7.x86_64/jre/lib/sunrsasign.jar:/data/ems/opt/linux/java-1.8.0-openjdk-1.8.0.91-0.b14.el6_7.x86_64/jre/lib/jsse.jar:/data/ems/opt/linux/java-1.8.0-openjdk-1.8.0.91-0.b14.el6_7.x86_64/jre/lib/jce.jar:/data/ems/opt/linux/java-1.8.0-openjdk-1.8.0.91-0.b14.el6_7.x86_64/jre/lib/charsets.jar:/data/ems/opt/linux/java-1.8.0-openjdk-1.8.0.91-0.b14.el6_7.x86_64/jre/lib/jfr.jar:/data/ems/opt/linux/java-1.8.0-openjdk-1.8.0.91-0.b14.el6_7.x86_64/jre/classes"/>
    <property name="java.vendor" value="Oracle Corporation"/>
    <property name="maven.home" value="/data/ems/opt/axs/apache-maven-3.3.9"/>
    <property name="file.separator" value="/"/>
    <property name="java.vendor.url.bug" value="http://bugreport.sun.com/bugreport/"/>
    <property name="sun.cpu.endian" value="little"/>
    <property name="sun.io.unicode.encoding" value="UnicodeLittle"/>
    <property name="sun.desktop" value="gnome"/>
    <property name="sun.cpu.isalist" value=""/>
  </properties>
  <testcase classname="com.javacodegeeks.AppTest" name="testApp" time="0.013"/>
</testsuite>